2019-05-22 12:28:49.8709|INFO|SCIA.OpenAPI.AdmToAdmServiceWrapper|Full URL: http://localhost:13031
2019-05-22 12:28:49.9014|INFO|SCIA.OpenAPI.AdmToAdmServiceWrapper|Hub name: AdmSignalRSelfHostHub
2019-05-22 12:28:49.9552|DEBUG|SCIA.OpenAPI.AdmToAdmServiceWrapper|Info:HubConnectionMaker|MakeConnection
2019-05-22 12:28:50.7447|DEBUG|SCIA.OpenAPI.AdmToAdmServiceWrapper|Info:HubConnectionMaker|Client.Start OK
2019-05-22 12:28:50.7447|INFO|SCIA.OpenAPI.AdmToAdmServiceWrapper|Client connected to server - True
2019-05-22 12:28:55.2669|DEBUG|SCIA.OpenAPI.AdmToAdmServiceWrapper|Info:12:28:55:26|SENDER|MsgType:InformationMessage
2019-05-22 12:29:07.6616|INFO|SCIA.OpenAPI.AdmToAdmServiceWrapper|ESAApp OpenProject C:\Users\jbroz\OneDrive - SCIA nv\WORK\SCIA-ENGINEER\TESTING-PROJECTS\QuickTests\OpenAPIEmptyProject.esa - OK
2019-05-22 12:29:07.6717|DEBUG|SCIA.OpenAPI.AdmToAdmServiceWrapper|SEN DataServer (DS) - refresh BEGIN
2019-05-22 12:29:13.9267|DEBUG|SCIA.OpenAPI.AdmToAdmServiceWrapper|SEN DataServer (DS) - refresh END
2019-05-22 12:29:13.9317|DEBUG|SCIA.OpenAPI.AdmToAdmServiceWrapper|*** LoadAnalysisModelFromDiscInReceiver BEGIN
2019-05-22 12:29:13.9566|DEBUG|SCIA.OpenAPI.AdmToAdmServiceWrapper|Info:12:29:13:95|SENDER|MsgType:LoadAnalysisModelFromDiscInReceiver
2019-05-22 12:29:18.2532|DEBUG|SCIA.OpenAPI.AdmToAdmServiceWrapper|Info:12:29:18:25|RECEIVER|Processing START.... MsgType:Synchronization | Id:b65daff5-93d6-40dd-a244-a9b51fbc0f81
2019-05-22 12:29:22.5571|DEBUG|SCIA.OpenAPI.AdmToAdmServiceWrapper|Info:12:29:22:55|Model modification|AttachModel
2019-05-22 12:29:22.5751|DEBUG|SCIA.OpenAPI.AdmToAdmServiceWrapper|Info:12:29:22:57|RECEIVER|Processing DONE.... MsgType:Synchronization | IsOk: True | Adm has: 0 objects | Id:b65daff5-93d6-40dd-a244-a9b51fbc0f81
2019-05-22 12:29:22.5751|DEBUG|SCIA.OpenAPI.AdmToAdmServiceWrapper|Info:12:29:22:58|RECEIVER|Confirmation | Id:e6096e32-ccc0-4fd2-a8d7-af7847f5c426
2019-05-22 12:29:22.5910|DEBUG|SCIA.OpenAPI.AdmToAdmServiceWrapper|Info:12:29:22:59|SENDER|MsgType:Confirmation
2019-05-22 12:29:22.5910|DEBUG|SCIA.OpenAPI.AdmToAdmServiceWrapper|*** LoadAnalysisModelFromDiscInReceiver END
2019-05-22 12:29:22.6107|DEBUG|SCIA.OpenAPI.AdmToAdmServiceWrapper|Info:12:29:22:61|Model modification|AddToModel
2019-05-22 12:29:22.6306|DEBUG|SCIA.OpenAPI.AdmToAdmServiceWrapper|Info:12:29:22:63|Model modification|AddToModel items: conc
2019-05-22 12:29:22.6348|DEBUG|SCIA.OpenAPI.AdmToAdmServiceWrapper|Info:12:29:22:63|Model modification|AddToModel OK
2019-05-22 12:29:22.6923|DEBUG|SCIA.OpenAPI.AdmToAdmServiceWrapper|Info:12:29:22:69|SENDER|Export item JSON done Length:425
2019-05-22 12:29:22.6973|DEBUG|SCIA.OpenAPI.AdmToAdmServiceWrapper|Info:12:29:22:69|Model modification|AddToModel
2019-05-22 12:29:22.6973|DEBUG|SCIA.OpenAPI.AdmToAdmServiceWrapper|Info:12:29:22:70|Model modification|AddToModel items: steel
2019-05-22 12:29:22.6973|DEBUG|SCIA.OpenAPI.AdmToAdmServiceWrapper|Info:12:29:22:70|Model modification|AddToModel OK
2019-05-22 12:29:22.6973|DEBUG|SCIA.OpenAPI.AdmToAdmServiceWrapper|Info:12:29:22:69|SENDER|MsgType:Synchronization
2019-05-22 12:29:22.7242|DEBUG|SCIA.OpenAPI.AdmToAdmServiceWrapper|Info:12:29:22:72|SENDER|Export item JSON done Length:422
2019-05-22 12:29:22.7302|DEBUG|SCIA.OpenAPI.AdmToAdmServiceWrapper|Info:12:29:22:73|Model modification|AddToModel
2019-05-22 12:29:22.7302|DEBUG|SCIA.OpenAPI.AdmToAdmServiceWrapper|Info:12:29:22:73|Model modification|AddToModel items: timber
2019-05-22 12:29:22.7302|DEBUG|SCIA.OpenAPI.AdmToAdmServiceWrapper|Info:12:29:22:74|SENDER|MsgType:Synchronization
2019-05-22 12:29:22.7302|DEBUG|SCIA.OpenAPI.AdmToAdmServiceWrapper|Info:12:29:22:74|Model modification|AddToModel OK
2019-05-22 12:29:22.7631|DEBUG|SCIA.OpenAPI.AdmToAdmServiceWrapper|Info:12:29:22:76|SENDER|Export item JSON done Length:431
2019-05-22 12:29:22.7631|DEBUG|SCIA.OpenAPI.AdmToAdmServiceWrapper|Info:12:29:22:76|Model modification|AddToModel
2019-05-22 12:29:22.7631|DEBUG|SCIA.OpenAPI.AdmToAdmServiceWrapper|Info:12:29:22:77|Model modification|AddToModel items: alu
2019-05-22 12:29:22.7786|DEBUG|SCIA.OpenAPI.AdmToAdmServiceWrapper|Info:12:29:22:77|Model modification|AddToModel OK
2019-05-22 12:29:22.7786|DEBUG|SCIA.OpenAPI.AdmToAdmServiceWrapper|Info:12:29:22:77|SENDER|MsgType:Synchronization
2019-05-22 12:29:22.8012|DEBUG|SCIA.OpenAPI.AdmToAdmServiceWrapper|Info:12:29:22:80|SENDER|Export item JSON done Length:451
2019-05-22 12:29:22.8131|DEBUG|SCIA.OpenAPI.AdmToAdmServiceWrapper|Info:12:29:22:81|SENDER|MsgType:Synchronization
2019-05-22 12:29:22.8560|DEBUG|SCIA.OpenAPI.AdmToAdmServiceWrapper|Info:12:29:22:85|Model modification|AddToModel
2019-05-22 12:29:22.8560|DEBUG|SCIA.OpenAPI.AdmToAdmServiceWrapper|Info:12:29:22:86|Model modification|AddToModel items: conc.rect
2019-05-22 12:29:22.8679|DEBUG|SCIA.OpenAPI.AdmToAdmServiceWrapper|Info:12:29:22:86|Model modification|AddToModel OK
2019-05-22 12:29:22.9059|DEBUG|SCIA.OpenAPI.AdmToAdmServiceWrapper|Info:12:29:22:90|SENDER|Export item JSON done Length:467
2019-05-22 12:29:22.9059|DEBUG|SCIA.OpenAPI.AdmToAdmServiceWrapper|Info:12:29:22:91|Model modification|AddToModel
2019-05-22 12:29:22.9169|DEBUG|SCIA.OpenAPI.AdmToAdmServiceWrapper|Info:12:29:22:91|Model modification|AddToModel items: steel.HEA
2019-05-22 12:29:22.9169|DEBUG|SCIA.OpenAPI.AdmToAdmServiceWrapper|Info:12:29:22:92|Model modification|AddToModel OK
2019-05-22 12:29:22.9169|DEBUG|SCIA.OpenAPI.AdmToAdmServiceWrapper|Info:12:29:22:91|SENDER|MsgType:Synchronization
2019-05-22 12:29:22.9438|DEBUG|SCIA.OpenAPI.AdmToAdmServiceWrapper|Info:12:29:22:94|SENDER|Export item JSON done Length:389
2019-05-22 12:29:22.9537|DEBUG|SCIA.OpenAPI.AdmToAdmServiceWrapper|Info:12:29:22:95|SENDER|MsgType:Synchronization
2019-05-22 12:29:22.9537|DEBUG|SCIA.OpenAPI.AdmToAdmServiceWrapper|Info:12:29:22:95|Model modification|AddToModel
2019-05-22 12:29:22.9657|DEBUG|SCIA.OpenAPI.AdmToAdmServiceWrapper|Info:12:29:22:96|Model modification|AddToModel items: n1
2019-05-22 12:29:22.9657|DEBUG|SCIA.OpenAPI.AdmToAdmServiceWrapper|Info:12:29:22:96|Model modification|AddToModel OK
2019-05-22 12:29:22.9966|DEBUG|SCIA.OpenAPI.AdmToAdmServiceWrapper|Info:12:29:22:99|SENDER|Export item JSON done Length:819
2019-05-22 12:29:22.9966|DEBUG|SCIA.OpenAPI.AdmToAdmServiceWrapper|Info:12:29:23:00|Model modification|AddToModel
2019-05-22 12:29:22.9966|DEBUG|SCIA.OpenAPI.AdmToAdmServiceWrapper|Info:12:29:23:00|Model modification|AddToModel items: n2
2019-05-22 12:29:22.9966|DEBUG|SCIA.OpenAPI.AdmToAdmServiceWrapper|Info:12:29:23:00|SENDER|MsgType:Synchronization
2019-05-22 12:29:23.0135|DEBUG|SCIA.OpenAPI.AdmToAdmServiceWrapper|Info:12:29:23:01|Model modification|AddToModel OK
2019-05-22 12:29:23.0365|DEBUG|SCIA.OpenAPI.AdmToAdmServiceWrapper|Info:12:29:23:03|SENDER|Export item JSON done Length:819
2019-05-22 12:29:23.0415|DEBUG|SCIA.OpenAPI.AdmToAdmServiceWrapper|Info:12:29:23:04|Model modification|AddToModel
2019-05-22 12:29:23.0415|DEBUG|SCIA.OpenAPI.AdmToAdmServiceWrapper|Info:12:29:23:04|Model modification|AddToModel items: n3
2019-05-22 12:29:23.0415|DEBUG|SCIA.OpenAPI.AdmToAdmServiceWrapper|Info:12:29:23:05|Model modification|AddToModel OK
2019-05-22 12:29:23.0415|DEBUG|SCIA.OpenAPI.AdmToAdmServiceWrapper|Info:12:29:23:05|SENDER|MsgType:Synchronization
2019-05-22 12:29:23.0674|DEBUG|SCIA.OpenAPI.AdmToAdmServiceWrapper|Info:12:29:23:06|SENDER|Export item JSON done Length:819
2019-05-22 12:29:23.0714|DEBUG|SCIA.OpenAPI.AdmToAdmServiceWrapper|Info:12:29:23:07|Model modification|AddToModel
2019-05-22 12:29:23.0714|DEBUG|SCIA.OpenAPI.AdmToAdmServiceWrapper|Info:12:29:23:07|Model modification|AddToModel items: n4
2019-05-22 12:29:23.0714|DEBUG|SCIA.OpenAPI.AdmToAdmServiceWrapper|Info:12:29:23:08|Model modification|AddToModel OK
2019-05-22 12:29:23.0714|DEBUG|SCIA.OpenAPI.AdmToAdmServiceWrapper|Info:12:29:23:07|SENDER|MsgType:Synchronization
2019-05-22 12:29:23.0961|DEBUG|SCIA.OpenAPI.AdmToAdmServiceWrapper|Info:12:29:23:09|SENDER|Export item JSON done Length:819
2019-05-22 12:29:23.1021|DEBUG|SCIA.OpenAPI.AdmToAdmServiceWrapper|Info:12:29:23:10|Model modification|AddToModel
2019-05-22 12:29:23.1021|DEBUG|SCIA.OpenAPI.AdmToAdmServiceWrapper|Info:12:29:23:10|Model modification|AddToModel items: n5
2019-05-22 12:29:23.1021|DEBUG|SCIA.OpenAPI.AdmToAdmServiceWrapper|Info:12:29:23:11|Model modification|AddToModel OK
2019-05-22 12:29:23.1021|DEBUG|SCIA.OpenAPI.AdmToAdmServiceWrapper|Info:12:29:23:11|SENDER|MsgType:Synchronization
2019-05-22 12:29:23.1381|DEBUG|SCIA.OpenAPI.AdmToAdmServiceWrapper|Info:12:29:23:13|SENDER|Export item JSON done Length:819
2019-05-22 12:29:23.1381|DEBUG|SCIA.OpenAPI.AdmToAdmServiceWrapper|Info:12:29:23:14|Model modification|AddToModel
2019-05-22 12:29:23.1381|DEBUG|SCIA.OpenAPI.AdmToAdmServiceWrapper|Info:12:29:23:14|SENDER|MsgType:Synchronization
2019-05-22 12:29:23.1497|DEBUG|SCIA.OpenAPI.AdmToAdmServiceWrapper|Info:12:29:23:14|Model modification|AddToModel items: n6
2019-05-22 12:29:23.1686|DEBUG|SCIA.OpenAPI.AdmToAdmServiceWrapper|Info:12:29:23:16|Model modification|AddToModel OK
2019-05-22 12:29:23.1986|DEBUG|SCIA.OpenAPI.AdmToAdmServiceWrapper|Info:12:29:23:19|SENDER|Export item JSON done Length:819
2019-05-22 12:29:23.1986|DEBUG|SCIA.OpenAPI.AdmToAdmServiceWrapper|Info:12:29:23:20|Model modification|AddToModel
2019-05-22 12:29:23.2115|DEBUG|SCIA.OpenAPI.AdmToAdmServiceWrapper|Info:12:29:23:21|Model modification|AddToModel items: n7
2019-05-22 12:29:23.2115|DEBUG|SCIA.OpenAPI.AdmToAdmServiceWrapper|Info:12:29:23:21|SENDER|MsgType:Synchronization
2019-05-22 12:29:23.2115|DEBUG|SCIA.OpenAPI.AdmToAdmServiceWrapper|Info:12:29:23:21|Model modification|AddToModel OK
2019-05-22 12:29:23.2464|DEBUG|SCIA.OpenAPI.AdmToAdmServiceWrapper|Info:12:29:23:24|SENDER|Export item JSON done Length:819
2019-05-22 12:29:23.2464|DEBUG|SCIA.OpenAPI.AdmToAdmServiceWrapper|Info:12:29:23:25|Model modification|AddToModel
2019-05-22 12:29:23.2584|DEBUG|SCIA.OpenAPI.AdmToAdmServiceWrapper|Info:12:29:23:25|Model modification|AddToModel items: n8
2019-05-22 12:29:23.2584|DEBUG|SCIA.OpenAPI.AdmToAdmServiceWrapper|Info:12:29:23:25|SENDER|MsgType:Synchronization
2019-05-22 12:29:23.2584|DEBUG|SCIA.OpenAPI.AdmToAdmServiceWrapper|Info:12:29:23:26|Model modification|AddToModel OK
2019-05-22 12:29:23.2883|DEBUG|SCIA.OpenAPI.AdmToAdmServiceWrapper|Info:12:29:23:28|SENDER|Export item JSON done Length:819
2019-05-22 12:29:23.3033|DEBUG|SCIA.OpenAPI.AdmToAdmServiceWrapper|Info:12:29:23:30|SENDER|MsgType:Synchronization
2019-05-22 12:29:23.3581|DEBUG|SCIA.OpenAPI.AdmToAdmServiceWrapper|Info:12:29:23:35|Model modification|AddToModel
2019-05-22 12:29:23.3581|DEBUG|SCIA.OpenAPI.AdmToAdmServiceWrapper|Info:12:29:23:36|Model modification|AddToModel items: b1
2019-05-22 12:29:23.3731|DEBUG|SCIA.OpenAPI.AdmToAdmServiceWrapper|Info:12:29:23:37|Model modification|AddToModel OK
2019-05-22 12:29:23.4542|DEBUG|SCIA.OpenAPI.AdmToAdmServiceWrapper|Info:12:29:23:45|SENDER|SignalR message send to clients
2019-05-22 12:29:23.5563|DEBUG|SCIA.OpenAPI.AdmToAdmServiceWrapper|Info:12:29:23:55|SENDER|Export item JSON done Length:11029
2019-05-22 12:29:23.5563|DEBUG|SCIA.OpenAPI.AdmToAdmServiceWrapper|Info:12:29:23:56|Model modification|AddToModel
2019-05-22 12:29:23.5563|DEBUG|SCIA.OpenAPI.AdmToAdmServiceWrapper|Info:12:29:23:56|Model modification|AddToModel items: b2
2019-05-22 12:29:23.5752|DEBUG|SCIA.OpenAPI.AdmToAdmServiceWrapper|Info:12:29:23:57|Model modification|AddToModel OK
2019-05-22 12:29:23.5563|DEBUG|SCIA.OpenAPI.AdmToAdmServiceWrapper|Info:12:29:23:56|SENDER|MsgType:Synchronization
2019-05-22 12:29:23.6939|DEBUG|SCIA.OpenAPI.AdmToAdmServiceWrapper|Info:12:29:23:69|SENDER|Export item JSON done Length:11029
2019-05-22 12:29:23.6999|DEBUG|SCIA.OpenAPI.AdmToAdmServiceWrapper|Info:12:29:23:69|Model modification|AddToModel
2019-05-22 12:29:23.6999|DEBUG|SCIA.OpenAPI.AdmToAdmServiceWrapper|Info:12:29:23:70|Model modification|AddToModel items: b3
2019-05-22 12:29:23.7214|DEBUG|SCIA.OpenAPI.AdmToAdmServiceWrapper|Info:12:29:23:72|Model modification|AddToModel OK
2019-05-22 12:29:23.6999|DEBUG|SCIA.OpenAPI.AdmToAdmServiceWrapper|Info:12:29:23:70|SENDER|MsgType:Synchronization
2019-05-22 12:29:23.8637|DEBUG|SCIA.OpenAPI.AdmToAdmServiceWrapper|Info:12:29:23:86|SENDER|Export item JSON done Length:11029
2019-05-22 12:29:23.8735|DEBUG|SCIA.OpenAPI.AdmToAdmServiceWrapper|Info:12:29:23:87|Model modification|AddToModel
2019-05-22 12:29:23.8735|DEBUG|SCIA.OpenAPI.AdmToAdmServiceWrapper|Info:12:29:23:88|Model modification|AddToModel items: b4
2019-05-22 12:29:23.8882|DEBUG|SCIA.OpenAPI.AdmToAdmServiceWrapper|Info:12:29:23:88|Model modification|AddToModel OK
2019-05-22 12:29:23.8735|DEBUG|SCIA.OpenAPI.AdmToAdmServiceWrapper|Info:12:29:23:87|SENDER|SignalR message send to clients
2019-05-22 12:29:23.9102|DEBUG|SCIA.OpenAPI.AdmToAdmServiceWrapper|Info:12:29:23:91|SENDER|MsgType:Synchronization
2019-05-22 12:29:23.9212|DEBUG|SCIA.OpenAPI.AdmToAdmServiceWrapper|Info:12:29:23:92|RECEIVER|Confirmation | Id:40822c24-6cd0-4821-ae86-11a60abae3ee
2019-05-22 12:29:24.0369|DEBUG|SCIA.OpenAPI.AdmToAdmServiceWrapper|Info:12:29:24:03|SENDER|Export item JSON done Length:11029
2019-05-22 12:29:24.0518|DEBUG|SCIA.OpenAPI.AdmToAdmServiceWrapper|Info:12:29:24:05|Model modification|AddToModel
2019-05-22 12:29:24.0638|DEBUG|SCIA.OpenAPI.AdmToAdmServiceWrapper|Info:12:29:24:06|SENDER|SignalR message send to clients
2019-05-22 12:29:24.0638|DEBUG|SCIA.OpenAPI.AdmToAdmServiceWrapper|Info:12:29:24:06|Model modification|AddToModel items: Su1
2019-05-22 12:29:24.0867|DEBUG|SCIA.OpenAPI.AdmToAdmServiceWrapper|Info:12:29:24:08|RECEIVER|Confirmation | Id:4f939625-8299-438e-b9b2-9d27e13e6622
2019-05-22 12:29:24.0777|DEBUG|SCIA.OpenAPI.AdmToAdmServiceWrapper|Info:12:29:24:07|SENDER|MsgType:Synchronization
2019-05-22 12:29:24.0867|DEBUG|SCIA.OpenAPI.AdmToAdmServiceWrapper|Info:12:29:24:08|Model modification|AddToModel OK
2019-05-22 12:29:24.1456|DEBUG|SCIA.OpenAPI.AdmToAdmServiceWrapper|Info:12:29:24:14|RECEIVER|Confirmation | Id:a6086c10-a3d8-4f7f-aa09-9168e8d7006e
2019-05-22 12:29:24.1605|DEBUG|SCIA.OpenAPI.AdmToAdmServiceWrapper|Info:12:29:24:16|SENDER|Export item JSON done Length:471
2019-05-22 12:29:24.1705|DEBUG|SCIA.OpenAPI.AdmToAdmServiceWrapper|Info:12:29:24:17|Model modification|AddToModel
2019-05-22 12:29:24.1805|DEBUG|SCIA.OpenAPI.AdmToAdmServiceWrapper|Info:12:29:24:18|Model modification|AddToModel items: Su2
2019-05-22 12:29:24.1805|DEBUG|SCIA.OpenAPI.AdmToAdmServiceWrapper|Info:12:29:24:18|Model modification|AddToModel OK
2019-05-22 12:29:24.1705|DEBUG|SCIA.OpenAPI.AdmToAdmServiceWrapper|Info:12:29:24:17|SENDER|MsgType:Synchronization
2019-05-22 12:29:24.2851|DEBUG|SCIA.OpenAPI.AdmToAdmServiceWrapper|Info:12:29:24:28|SENDER|Export item JSON done Length:471
2019-05-22 12:29:24.3035|DEBUG|SCIA.OpenAPI.AdmToAdmServiceWrapper|Info:12:29:24:30|Model modification|AddToModel
2019-05-22 12:29:24.3035|DEBUG|SCIA.OpenAPI.AdmToAdmServiceWrapper|Info:12:29:24:30|SENDER|MsgType:Synchronization
2019-05-22 12:29:24.3246|DEBUG|SCIA.OpenAPI.AdmToAdmServiceWrapper|Info:12:29:24:32|Model modification|AddToModel items: Su3
2019-05-22 12:29:24.3546|DEBUG|SCIA.OpenAPI.AdmToAdmServiceWrapper|Info:12:29:24:35|Model modification|AddToModel OK
2019-05-22 12:29:24.4081|DEBUG|SCIA.OpenAPI.AdmToAdmServiceWrapper|Info:12:29:24:40|SENDER|Export item JSON done Length:471
2019-05-22 12:29:24.4214|DEBUG|SCIA.OpenAPI.AdmToAdmServiceWrapper|Info:12:29:24:42|Model modification|AddToModel
2019-05-22 12:29:24.4214|DEBUG|SCIA.OpenAPI.AdmToAdmServiceWrapper|Info:12:29:24:42|SENDER|MsgType:Synchronization
2019-05-22 12:29:24.4366|DEBUG|SCIA.OpenAPI.AdmToAdmServiceWrapper|Info:12:29:24:43|Model modification|AddToModel items: Su4
2019-05-22 12:29:24.4688|DEBUG|SCIA.OpenAPI.AdmToAdmServiceWrapper|Info:12:29:24:46|Model modification|AddToModel OK
2019-05-22 12:29:24.5205|DEBUG|SCIA.OpenAPI.AdmToAdmServiceWrapper|Info:12:29:24:52|SENDER|Export item JSON done Length:471
2019-05-22 12:29:24.5387|DEBUG|SCIA.OpenAPI.AdmToAdmServiceWrapper|Info:12:29:24:53|SENDER|MsgType:Synchronization
2019-05-22 12:29:24.5409|DEBUG|SCIA.OpenAPI.AdmToAdmServiceWrapper|Info:12:29:24:54|Model modification|AddToModel
2019-05-22 12:29:24.5586|DEBUG|SCIA.OpenAPI.AdmToAdmServiceWrapper|Info:12:29:24:55|Model modification|AddToModel items: s1
2019-05-22 12:29:24.5586|DEBUG|SCIA.OpenAPI.AdmToAdmServiceWrapper|Info:12:29:24:56|Model modification|AddToModel OK
2019-05-22 12:29:24.6228|DEBUG|SCIA.OpenAPI.AdmToAdmServiceWrapper|Info:12:29:24:62|SENDER|Export item JSON done Length:1727
2019-05-22 12:29:24.6228|DEBUG|SCIA.OpenAPI.AdmToAdmServiceWrapper|Info:12:29:24:62|Model modification|AddToModel
2019-05-22 12:29:24.6338|DEBUG|SCIA.OpenAPI.AdmToAdmServiceWrapper|Info:12:29:24:63|Model modification|AddToModel items: lg1
2019-05-22 12:29:24.6338|DEBUG|SCIA.OpenAPI.AdmToAdmServiceWrapper|Info:12:29:24:64|Model modification|AddToModel OK
2019-05-22 12:29:24.6338|DEBUG|SCIA.OpenAPI.AdmToAdmServiceWrapper|Info:12:29:24:63|SENDER|MsgType:Synchronization
2019-05-22 12:29:24.6597|DEBUG|SCIA.OpenAPI.AdmToAdmServiceWrapper|Info:12:29:24:65|SENDER|Export item JSON done Length:159
2019-05-22 12:29:24.6687|DEBUG|SCIA.OpenAPI.AdmToAdmServiceWrapper|Info:12:29:24:66|Model modification|AddToModel
2019-05-22 12:29:24.6687|DEBUG|SCIA.OpenAPI.AdmToAdmServiceWrapper|Info:12:29:24:67|SENDER|MsgType:Synchronization
2019-05-22 12:29:24.6687|DEBUG|SCIA.OpenAPI.AdmToAdmServiceWrapper|Info:12:29:24:67|Model modification|AddToModel items: lc1
2019-05-22 12:29:24.6857|DEBUG|SCIA.OpenAPI.AdmToAdmServiceWrapper|Info:12:29:24:68|Model modification|AddToModel OK
2019-05-22 12:29:24.7016|DEBUG|SCIA.OpenAPI.AdmToAdmServiceWrapper|Info:12:29:24:70|SENDER|Export item JSON done Length:276
2019-05-22 12:29:24.7016|DEBUG|SCIA.OpenAPI.AdmToAdmServiceWrapper|Info:12:29:24:70|Model modification|AddToModel
2019-05-22 12:29:24.7136|DEBUG|SCIA.OpenAPI.AdmToAdmServiceWrapper|Info:12:29:24:71|Model modification|AddToModel items: sf1
2019-05-22 12:29:24.7136|DEBUG|SCIA.OpenAPI.AdmToAdmServiceWrapper|Info:12:29:24:71|Model modification|AddToModel OK
2019-05-22 12:29:24.7136|DEBUG|SCIA.OpenAPI.AdmToAdmServiceWrapper|Info:12:29:24:71|SENDER|MsgType:Synchronization
2019-05-22 12:29:24.7694|DEBUG|SCIA.OpenAPI.AdmToAdmServiceWrapper|Info:12:29:24:76|SENDER|Export item JSON done Length:438
2019-05-22 12:29:27.0665|DEBUG|SCIA.OpenAPI.AdmToAdmServiceWrapper|Info:12:29:27:06|SENDER|MsgType:Synchronization
2019-05-22 12:29:27.0665|DEBUG|SCIA.OpenAPI.AdmToAdmServiceWrapper|*** SaveAnalysisModelOnDiscInReceiver BEGIN
2019-05-22 12:29:27.0934|DEBUG|SCIA.OpenAPI.AdmToAdmServiceWrapper|Info:12:29:27:09|SENDER|SignalR message send to clients
2019-05-22 12:29:27.0934|DEBUG|SCIA.OpenAPI.AdmToAdmServiceWrapper|Info:12:29:27:10|SENDER|MsgType:SaveAnalysisModelOnDiscInReceiverJson
2019-05-22 12:29:27.2749|DEBUG|SCIA.OpenAPI.AdmToAdmServiceWrapper|Info:12:29:27:27|RECEIVER|Confirmation | Id:95c43c4a-4989-4e27-bbe3-9ba007500a0f
2019-05-22 12:29:27.3752|DEBUG|SCIA.OpenAPI.AdmToAdmServiceWrapper|Info:12:29:27:37|RECEIVER|Confirmation | Id:0a1c8fcc-3920-4e53-b8a9-2946292acc59
2019-05-22 12:29:27.3752|DEBUG|SCIA.OpenAPI.AdmToAdmServiceWrapper|*** SaveAnalysisModelOnDiscInReceiver END
2019-05-22 12:29:27.3852|DEBUG|SCIA.OpenAPI.AdmToAdmServiceWrapper|SEN DataServer (DS) - refresh BEGIN
2019-05-22 12:29:34.5561|DEBUG|SCIA.OpenAPI.AdmToAdmServiceWrapper|SEN DataServer (DS) - refresh END
2019-05-22 12:29:48.7747|INFO|SCIA.OpenAPI.AdmToAdmServiceWrapper|ESAApp command - {C35839BF-E775-454D-BC39-723076881E06} - called successfully with parameters: 
2019-05-22 12:29:48.7747|DEBUG|SCIA.OpenAPI.AdmToAdmServiceWrapper|SEN DataServer (DS) - refresh BEGIN
2019-05-22 12:29:49.3894|DEBUG|SCIA.OpenAPI.AdmToAdmServiceWrapper|SEN DataServer (DS) - refresh END
2019-05-22 12:29:49.3894|DEBUG|SCIA.OpenAPI.AdmToAdmServiceWrapper|*** LoadAnalysisModelFromDiscInReceiver BEGIN
2019-05-22 12:29:49.4046|DEBUG|SCIA.OpenAPI.AdmToAdmServiceWrapper|Info:12:29:49:40|SENDER|MsgType:LoadAnalysisModelFromDiscInReceiver
2019-05-22 12:29:49.5669|DEBUG|SCIA.OpenAPI.AdmToAdmServiceWrapper|Info:12:29:49:56|RECEIVER|Processing START.... MsgType:Synchronization | Id:6205df9b-8d3c-4926-b984-cc07a7f6aac5
2019-05-22 12:29:49.6826|DEBUG|SCIA.OpenAPI.AdmToAdmServiceWrapper|Info:12:29:49:68|Model modification|AttachModel
2019-05-22 12:29:49.6826|DEBUG|SCIA.OpenAPI.AdmToAdmServiceWrapper|Info:12:29:49:68|RECEIVER|Processing DONE.... MsgType:Synchronization | IsOk: True | Adm has: 24 objects | Id:6205df9b-8d3c-4926-b984-cc07a7f6aac5
2019-05-22 12:29:49.6826|DEBUG|SCIA.OpenAPI.AdmToAdmServiceWrapper|Info:12:29:49:69|RECEIVER|Confirmation | Id:209e158f-008d-41fe-8fbb-c5007e0ddbd3
2019-05-22 12:29:49.6966|DEBUG|SCIA.OpenAPI.AdmToAdmServiceWrapper|*** LoadAnalysisModelFromDiscInReceiver END
2019-05-22 12:29:49.6966|DEBUG|SCIA.OpenAPI.AdmToAdmServiceWrapper|Info:12:29:49:70|SENDER|MsgType:Confirmation
2019-05-22 12:31:18.8149|INFO|SCIA.OpenAPI.AdmToAdmServiceWrapper|ESAApp CloseProject - OK
